Flow report for Drehzahlmesser
Tue Nov 12 22:04:48 2013
Quartus II 64-Bit Version 12.1 Build 177 11/07/2012 SJ Web Edition


---------------------
; Table of Contents ;
---------------------
  1. Legal Notice
  2. Flow Summary
  3. Flow Settings
  4. Flow Non-Default Global Settings
  5. Flow Elapsed Time
  6. Flow OS Summary
  7. Flow Log



----------------
; Legal Notice ;
----------------
Copyright (C) 1991-2012 Altera Corporation
Your use of Altera Corporation's design tools, logic functions 
and other software and tools, and its AMPP partner logic 
functions, and any output files from any of the foregoing 
(including device programming or simulation files), and any 
associated documentation or information are expressly subject 
to the terms and conditions of the Altera Program License 
Subscription Agreement, Altera MegaCore Function License 
Agreement, or other applicable license agreement, including, 
without limitation, that your use is for the sole purpose of 
programming logic devices manufactured by Altera and sold by 
Altera or its authorized distributors.  Please refer to the 
applicable agreement for further details.



+----------------------------------------------------------------------------+
; Flow Summary                                                               ;
+---------------------------------+------------------------------------------+
; Flow Status                     ; Successful - Tue Nov 12 22:04:47 2013    ;
; Quartus II 64-Bit Version       ; 12.1 Build 177 11/07/2012 SJ Web Edition ;
; Revision Name                   ; Drehzahlmesser                           ;
; Top-level Entity Name           ; drehzahlmessung                          ;
; Family                          ; Cyclone V                                ;
; Device                          ; 5CGXFC7C7F23C8                           ;
; Timing Models                   ; Preliminary                              ;
; Logic utilization (in ALMs)     ; 609 / 56,480 ( 1 % )                     ;
; Total registers                 ; 50                                       ;
; Total pins                      ; 20 / 268 ( 7 % )                         ;
; Total virtual pins              ; 0                                        ;
; Total block memory bits         ; 0 / 7,024,640 ( 0 % )                    ;
; Total DSP Blocks                ; 0 / 156 ( 0 % )                          ;
; Total HSSI RX PCSs              ; 0 / 6 ( 0 % )                            ;
; Total HSSI PMA RX Deserializers ; 0 / 6 ( 0 % )                            ;
; Total HSSI TX PCSs              ; 0 / 6 ( 0 % )                            ;
; Total HSSI PMA TX Serializers   ; 0 / 6 ( 0 % )                            ;
; Total PLLs                      ; 0 / 13 ( 0 % )                           ;
; Total DLLs                      ; 0 / 4 ( 0 % )                            ;
+---------------------------------+------------------------------------------+


+-----------------------------------------+
; Flow Settings                           ;
+-------------------+---------------------+
; Option            ; Setting             ;
+-------------------+---------------------+
; Start date & time ; 11/12/2013 21:59:08 ;
; Main task         ; Compilation         ;
; Revision Name     ; Drehzahlmesser      ;
+-------------------+---------------------+


+---------------------------------------------------------------------------------------------------------------------------------+
; Flow Non-Default Global Settings                                                                                                ;
+-------------------------------------+---------------------------------------+----------------+-----------------+----------------+
; Assignment Name                     ; Value                                 ; Default Value  ; Entity Name     ; Section Id     ;
+-------------------------------------+---------------------------------------+----------------+-----------------+----------------+
; COMPILER_SIGNATURE_ID               ; 24979033341187.138428994807780        ; --             ; --              ; --             ;
; EDA_OUTPUT_DATA_FORMAT              ; Vhdl                                  ; --             ; --              ; eda_simulation ;
; EDA_SIMULATION_TOOL                 ; ModelSim-Altera (VHDL)                ; <None>         ; --              ; --             ;
; MAX_CORE_JUNCTION_TEMP              ; 85                                    ; --             ; --              ; --             ;
; MIN_CORE_JUNCTION_TEMP              ; 0                                     ; --             ; --              ; --             ;
; NOMINAL_CORE_SUPPLY_VOLTAGE         ; 1.2V                                  ; --             ; --              ; --             ;
; PARTITION_COLOR                     ; 16764057                              ; --             ; Drehzahlmessung ; Top            ;
; PARTITION_FITTER_PRESERVATION_LEVEL ; PLACEMENT_AND_ROUTING                 ; --             ; Drehzahlmessung ; Top            ;
; PARTITION_NETLIST_TYPE              ; SOURCE                                ; --             ; Drehzahlmessung ; Top            ;
; POWER_BOARD_THERMAL_MODEL           ; None (CONSERVATIVE)                   ; --             ; --              ; --             ;
; POWER_PRESET_COOLING_SOLUTION       ; 23 MM HEAT SINK WITH 200 LFPM AIRFLOW ; --             ; --              ; --             ;
; PROJECT_OUTPUT_DIRECTORY            ; output_files                          ; --             ; --              ; --             ;
; TOP_LEVEL_ENTITY                    ; Drehzahlmessung                       ; Drehzahlmesser ; --              ; --             ;
+-------------------------------------+---------------------------------------+----------------+-----------------+----------------+


+--------------------------------------------------------------------------------------------------------------------------+
; Flow Elapsed Time                                                                                                        ;
+----------------------+--------------+-------------------------+---------------------+------------------------------------+
; Module Name          ; Elapsed Time ; Average Processors Used ; Peak Virtual Memory ; Total CPU Time (on all processors) ;
+----------------------+--------------+-------------------------+---------------------+------------------------------------+
; Analysis & Synthesis ; 00:00:17     ; 1.0                     ; 572 MB              ; 00:00:12                           ;
; Fitter               ; 00:05:20     ; 1.0                     ; 3837 MB             ; 00:03:25                           ;
; Total                ; 00:05:37     ; --                      ; --                  ; 00:03:37                           ;
+----------------------+--------------+-------------------------+---------------------+------------------------------------+


+-----------------------------------------------------------------------------------+
; Flow OS Summary                                                                   ;
+----------------------+------------------+-----------+------------+----------------+
; Module Name          ; Machine Hostname ; OS Name   ; OS Version ; Processor type ;
+----------------------+------------------+-----------+------------+----------------+
; Analysis & Synthesis ; Acer-Ultra       ; Windows 7 ; 6.2        ; x86_64         ;
; Fitter               ; Acer-Ultra       ; Windows 7 ; 6.2        ; x86_64         ;
+----------------------+------------------+-----------+------------+----------------+


------------
; Flow Log ;
------------
quartus_map --read_settings_files=on --write_settings_files=off Drehzahlmesser -c Drehzahlmesser
quartus_fit --read_settings_files=off --write_settings_files=off Drehzahlmesser -c Drehzahlmesser



